<?xml version="1.0" encoding="UTF-8"?>
<!-- Generated by org.testng.reporters.JUnitReportReporter -->
<testsuite hostname="Shivay-PC" name="Day1.xyz" tests="1" failures="0" timestamp="8 Aug 2016 06:10:28 GMT" time="0.016" errors="0">
  <testcase name="test" time="0.016" classname="Day1.xyz"/>
</testsuite> <!-- Day1.xyz -->
